<?xml version="1.0" encoding="UTF-8"?>
<!-- Generated by org.testng.reporters.JUnitXMLReporter -->
<testsuite ignored="0" hostname="Yogi" failures="0" tests="3" name="Test" time="13.91" errors="0" timestamp="2023-12-24T10:45:26 IST">
  <testcase classname="Sauce_demoMethods.Teardown" name="Logindone" time="4.656"/>
  <testcase classname="Sauce_demoMethods.Teardown" name="Addproduct" time="0.344"/>
  <testcase classname="Sauce_demoMethods.Teardown" name="Yourcart" time="0.212"/>
</testsuite> <!-- Test -->
